2025-03-14 22:32:54,955 [INFO] library.performance [0447c108-e9a1-44a1-929c-6033d555730e] PERFORMANCE: Book List Performance - Execution time: 5.71ms
2025-03-14 22:32:56,931 [INFO] library.performance [88890a0c-717b-4c5c-8777-2e193617efa2] PERFORMANCE: Book List Performance - Execution time: 1.17ms
2025-03-14 22:32:57,412 [INFO] library.performance [687a9ca7-5b72-4336-b56a-b55237e89f97] PERFORMANCE: Book List Performance - Execution time: 1.16ms
2025-03-14 22:33:17,806 [INFO] library.performance [73ce136a-b357-4513-a98d-d26b16ae9329] PERFORMANCE: Book List Performance - Execution time: 1.06ms
2025-03-14 22:34:31,265 [INFO] library.performance [805eba39-035e-4686-beab-1ff7a24d56ea] PERFORMANCE: Book Creation Performance - Execution time: 1.47ms
2025-03-14 22:35:02,442 [INFO] library.performance [8e4e959a-0ae5-4fc3-94aa-333f8757584e] PERFORMANCE: Book Creation Performance - Execution time: 2.83ms
2025-03-14 22:35:09,646 [INFO] library.performance [45f6c7aa-a7c0-4b25-885c-e3387d3e4a76] PERFORMANCE: Book Creation Performance - Execution time: 2.24ms
2025-03-14 22:35:15,164 [INFO] library.performance [9cce8717-abee-407c-841c-54a6e660d8ff] PERFORMANCE: Book Creation Performance - Execution time: 5.96ms
2025-03-14 22:38:18,053 [INFO] library.performance [b4b4d90d-c2d6-4138-adfc-1c60f01a3738] PERFORMANCE: Book Creation Performance - Execution time: 6.88ms
2025-03-14 22:38:29,752 [INFO] library.performance [a8ce3fee-2948-466d-9ce2-842e46c1e105] PERFORMANCE: Book Creation Performance - Execution time: 67.18ms
2025-03-14 22:38:37,123 [INFO] library.performance [c8070b2e-4947-43bc-9b7a-d1c4c513d907] PERFORMANCE: Book List Performance - Execution time: 2.48ms
2025-03-14 22:38:57,049 [INFO] library.performance [44a277af-e614-4698-bfe1-215f11533a56] PERFORMANCE: Book Retrieval Performance - Execution time: 2.53ms
2025-03-14 22:39:34,752 [INFO] library.performance [efa883e1-dbba-4a2e-9848-f403ea7f9e5d] PERFORMANCE: Book Retrieval Performance - Execution time: 1.88ms
2025-03-14 22:39:45,553 [INFO] library.performance [61d6ab22-a9d8-431b-90c3-e0bc0acafe16] PERFORMANCE: Book Retrieval Performance - Execution time: 1.81ms
2025-03-14 22:39:46,348 [INFO] library.performance [04f6c3f8-d509-4982-bf04-e2021b954a92] PERFORMANCE: Book Retrieval Performance - Execution time: 2.11ms
2025-03-14 22:39:47,049 [INFO] library.performance [3041d75b-4875-42c2-96d2-84ecc19dc4ed] PERFORMANCE: Book Retrieval Performance - Execution time: 2.59ms
2025-03-14 22:39:47,676 [INFO] library.performance [4f707ffd-73e6-4c5f-bc46-218fd7cf6c9c] PERFORMANCE: Book Retrieval Performance - Execution time: 1.74ms
2025-03-14 22:39:47,935 [INFO] library.performance [b5a1092e-086d-4d60-958c-ad0ac8fcb685] PERFORMANCE: Book Retrieval Performance - Execution time: 1.89ms
2025-03-14 22:39:48,187 [INFO] library.performance [7d7fa7a1-5cfe-4e53-b7f3-fa0c9e9e8e69] PERFORMANCE: Book Retrieval Performance - Execution time: 2.27ms
2025-03-14 22:39:48,261 [INFO] library.performance [f257fb90-0e06-4c74-93bd-77d3e1eb6b23] PERFORMANCE: Book Retrieval Performance - Execution time: 1.77ms
2025-03-14 22:39:48,488 [INFO] library.performance [40ae88a1-7cc5-42fa-8c19-5d490746f3c6] PERFORMANCE: Book Retrieval Performance - Execution time: 1.74ms
2025-03-14 22:41:09,481 [INFO] library.performance [4f526063-5945-46a5-beae-7324d3e94cdc] PERFORMANCE: Book Retrieval Performance - Execution time: 2.07ms
2025-03-14 22:42:20,547 [INFO] library.performance [45873b53-1872-4a4b-81d9-5f50eac732d4] PERFORMANCE: Book Update Performance - Execution time: 3.44ms
2025-03-14 22:42:47,376 [INFO] library.performance [29c72810-da64-4513-ad8d-9759afa73347] PERFORMANCE: Book Update Performance - Execution time: 6.87ms
2025-03-14 22:42:56,267 [INFO] library.performance [5269eb12-66f9-4c52-9099-ddcc8ea304a7] PERFORMANCE: Book Update Performance - Execution time: 9.38ms
2025-03-14 22:43:05,444 [INFO] library.performance [85cc7b03-b64b-4e3d-94f7-5672f571f332] PERFORMANCE: Book Update Performance - Execution time: 6.87ms
2025-03-14 22:43:10,758 [INFO] library.performance [f11f2a81-a850-4f7a-9a00-0d31305d2e34] PERFORMANCE: Book Update Performance - Execution time: 7.14ms
2025-03-14 22:43:38,288 [INFO] library.performance [38e6fd0c-f52b-497f-9bfe-874277cf80a5] PERFORMANCE: Book Creation Performance - Execution time: 5.84ms
2025-03-14 22:43:39,386 [INFO] library.performance [1cd5b4f3-e2c0-4407-a1fc-67f97aa0f35b] PERFORMANCE: Book Creation Performance - Execution time: 6.03ms
2025-03-14 22:43:39,771 [INFO] library.performance [16d9ebe6-586a-499a-a014-831a079b11ec] PERFORMANCE: Book Creation Performance - Execution time: 5.84ms
2025-03-14 22:43:40,066 [INFO] library.performance [31450daa-e519-4a98-a69a-471b7234d7d1] PERFORMANCE: Book Creation Performance - Execution time: 6.50ms
2025-03-14 22:43:40,132 [INFO] library.performance [00969975-1e02-4a93-ac56-74a72843e316] PERFORMANCE: Book Creation Performance - Execution time: 7.16ms
2025-03-14 22:43:40,248 [INFO] library.performance [035bf640-0797-4208-9ebe-e7ab9dfc6f47] PERFORMANCE: Book Creation Performance - Execution time: 5.17ms
2025-03-14 22:43:40,554 [INFO] library.performance [cfb264b3-95fe-4167-810b-8642e4ec2750] PERFORMANCE: Book Creation Performance - Execution time: 5.34ms
2025-03-14 22:43:40,575 [INFO] library.performance [c6e015aa-5f20-4a8d-91ea-5063e5fecd8d] PERFORMANCE: Book Creation Performance - Execution time: 5.21ms
2025-03-14 22:43:40,652 [INFO] library.performance [00e4e8bf-d9ac-4ea7-8085-4a0b61e4a9c6] PERFORMANCE: Book Creation Performance - Execution time: 5.85ms
2025-03-14 22:43:40,926 [INFO] library.performance [ed538209-daf5-4eda-9ac8-a1db8f2d93ba] PERFORMANCE: Book Creation Performance - Execution time: 5.38ms
2025-03-14 22:43:48,440 [INFO] library.performance [4e5614d8-0b0d-4104-901e-8355c3e65f91] PERFORMANCE: Book Update Performance - Execution time: 6.76ms
2025-03-14 22:43:52,736 [INFO] library.performance [6afb3ee6-fb64-422c-b347-4eb6708c3b90] PERFORMANCE: Book Update Performance - Execution time: 2.66ms
2025-03-14 22:53:37,754 [INFO] library.performance [1a08ed72-e0da-4a8c-a447-d97a655d35c5] PERFORMANCE: Book Creation Performance - Execution time: 7.81ms
2025-03-14 22:53:39,509 [INFO] library.performance [fcc722dc-fcd7-486d-b6cf-192e04cd246a] PERFORMANCE: Book Creation Performance - Execution time: 2.45ms
2025-03-14 22:53:45,807 [INFO] library.performance [1f399e1d-8aeb-4912-bda8-e6a41cf950e6] PERFORMANCE: Book List Performance - Execution time: 2.30ms
2025-03-14 22:53:50,187 [INFO] library.performance [6fd17e38-1f76-4f7a-b164-fb544fb089a0] PERFORMANCE: Book Update Performance - Execution time: 5.22ms
2025-03-14 22:56:25,084 [INFO] library.performance [9f9bfc99-f4ea-4834-932a-24485de2d2ff] PERFORMANCE: Book Retrieval Performance - Execution time: 2.74ms
2025-03-14 22:56:25,958 [INFO] library.performance [ab3ce0d1-029f-41c9-b682-dbb4876b82b8] PERFORMANCE: Book Creation Performance - Execution time: 9.88ms
2025-03-14 22:56:27,699 [INFO] library.performance [4384b054-8327-4407-a068-8b74a1a3e767] PERFORMANCE: Book Creation Performance - Execution time: 2.64ms
2025-03-14 22:56:31,149 [INFO] library.performance [ff9d0290-751e-40c5-b247-288b19d5479a] PERFORMANCE: Book List Performance - Execution time: 2.28ms
2025-03-14 22:56:32,020 [INFO] library.performance [49036544-c3ac-4260-b6b4-1316556f38ff] PERFORMANCE: Book List Performance - Execution time: 1.51ms
2025-03-14 22:56:32,887 [INFO] library.performance [5df9ff8d-9dcb-4305-a8f2-05a3ab8ca00a] PERFORMANCE: Book List Performance - Execution time: 2.36ms
2025-03-14 22:56:33,765 [INFO] library.performance [18ef0e9c-2ae6-46d1-a80d-f9a3f02406e9] PERFORMANCE: Book List Performance - Execution time: 2.10ms
2025-03-14 22:56:35,513 [INFO] library.performance [aef1097c-3bd5-4d17-8d3e-a3708a587231] PERFORMANCE: Book Retrieval Performance - Execution time: 1.61ms
2025-03-14 22:56:36,383 [INFO] library.performance [49c48431-8afd-42df-947d-91470b77af88] PERFORMANCE: Book Retrieval Performance - Execution time: 2.67ms
2025-03-14 22:56:37,253 [INFO] library.performance [a555506c-ae76-4a8c-9c37-181c9d5168a0] PERFORMANCE: Book List Performance - Execution time: 2.02ms
2025-03-14 22:56:38,139 [INFO] library.performance [7693bdb5-345f-4763-a272-7d45aff016ba] PERFORMANCE: Book Update Performance - Execution time: 8.81ms
2025-03-14 22:57:48,774 [INFO] library.performance [320c8b32-0e1a-4c9c-9759-6d5fe4c724af] PERFORMANCE: Book Retrieval Performance - Execution time: 2.35ms
2025-03-14 22:57:49,711 [INFO] library.performance [7c71d7bf-5fb0-4d56-9714-46eba4ccf6ed] PERFORMANCE: Book Creation Performance - Execution time: 12.66ms
2025-03-14 22:57:51,517 [INFO] library.performance [be382586-96f2-4b96-aaf4-9c799b935d1e] PERFORMANCE: Book Creation Performance - Execution time: 2.66ms
2025-03-14 22:57:55,037 [INFO] library.performance [f9fdc325-9fc2-4df2-a607-3c163b2cafc8] PERFORMANCE: Book List Performance - Execution time: 1.58ms
2025-03-14 22:57:56,777 [INFO] library.performance [b60f507d-198b-4ac8-8d6a-3298c7db35b4] PERFORMANCE: Book Retrieval Performance - Execution time: 1.21ms
2025-03-14 22:57:57,673 [INFO] library.performance [a2a2611b-814e-450d-9566-662660fb7959] PERFORMANCE: Book Retrieval Performance - Execution time: 2.29ms
2025-03-14 22:57:58,550 [INFO] library.performance [20d4cd13-b476-4817-9791-a2b686eaa626] PERFORMANCE: Book Update Performance - Execution time: 7.51ms
2025-03-14 22:58:18,605 [INFO] library.performance [46a995d2-ddbf-408d-83b6-ac8467cb9f0f] PERFORMANCE: Book Creation Performance - Execution time: 10.65ms
2025-03-14 22:58:20,353 [INFO] library.performance [542c6fd2-1993-4bd7-a677-66b9ae0e3138] PERFORMANCE: Book Creation Performance - Execution time: 2.53ms
2025-03-14 22:58:23,912 [INFO] library.performance [4d592a68-fa2b-4e8f-b375-1fa14facd736] PERFORMANCE: Book List Performance - Execution time: 1.22ms
2025-03-14 22:58:25,716 [INFO] library.performance [b83a9b5e-6052-4686-aea7-7889590b3201] PERFORMANCE: Book Retrieval Performance - Execution time: 1.27ms
2025-03-14 22:58:26,606 [INFO] library.performance [bae9fdcd-74d2-4660-b56b-ae69f66d756f] PERFORMANCE: Book Retrieval Performance - Execution time: 2.04ms
2025-03-14 22:58:27,545 [INFO] library.performance [b7d1f644-11a9-4756-b197-5ef85ac9c29f] PERFORMANCE: Book Update Performance - Execution time: 6.11ms
2025-03-14 23:11:02,456 [INFO] library.performance [15843ba0-fe1d-4b09-a779-147a0167f352] PERFORMANCE: List Patrons Performance - Execution time: 1.81ms
2025-03-14 23:11:03,356 [INFO] library.performance [1e93d7b1-8500-4690-b1b8-26886ad57f45] PERFORMANCE: List Patrons Performance - Execution time: 1.22ms
2025-03-14 23:11:03,622 [INFO] library.performance [37a00c1b-590d-4395-b6b9-228de97ba260] PERFORMANCE: List Patrons Performance - Execution time: 1.68ms
2025-03-14 23:11:03,685 [INFO] library.performance [beec4f59-2971-47e0-9591-25a0f2350a26] PERFORMANCE: List Patrons Performance - Execution time: 1.33ms
2025-03-14 23:11:03,961 [INFO] library.performance [4f3fe3af-bbda-4e35-a750-5096db1a543f] PERFORMANCE: List Patrons Performance - Execution time: 2.12ms
2025-03-14 23:11:04,197 [INFO] library.performance [322fbef8-3c33-417e-889b-5e9ee785ae20] PERFORMANCE: List Patrons Performance - Execution time: 1.25ms
2025-03-14 23:11:04,258 [INFO] library.performance [4bd87b9b-27ae-4a5c-a7f6-cc71b6876611] PERFORMANCE: List Patrons Performance - Execution time: 1.21ms
2025-03-14 23:11:04,596 [INFO] library.performance [a661d68c-1b8c-4d12-b862-d973ca3bc70f] PERFORMANCE: List Patrons Performance - Execution time: 1.80ms
2025-03-14 23:11:04,938 [INFO] library.performance [0af7648c-776f-4acc-855a-4497fa055d9b] PERFORMANCE: List Patrons Performance - Execution time: 2.01ms
2025-03-14 23:11:05,227 [INFO] library.performance [11f8cc26-72cc-4130-9bc8-ffa1e92339e5] PERFORMANCE: List Patrons Performance - Execution time: 1.23ms
2025-03-14 23:11:05,968 [INFO] library.performance [27d10258-a7f9-47fa-b6f5-be31f54a115b] PERFORMANCE: List Patrons Performance - Execution time: 1.41ms
2025-03-14 23:11:06,199 [INFO] library.performance [2a607137-d09c-419c-bc46-c629043158e5] PERFORMANCE: List Patrons Performance - Execution time: 1.59ms
2025-03-14 23:11:06,313 [INFO] library.performance [23f9141e-9451-41cf-af9b-a9fdebe23e3e] PERFORMANCE: List Patrons Performance - Execution time: 1.17ms
2025-03-14 23:11:06,594 [INFO] library.performance [d7a9e10b-c64c-4a90-b8b2-8df24005ac63] PERFORMANCE: List Patrons Performance - Execution time: 1.18ms
2025-03-14 23:11:06,816 [INFO] library.performance [20e40998-4d2c-4d93-9f97-464b3603ec99] PERFORMANCE: List Patrons Performance - Execution time: 1.56ms
2025-03-14 23:11:06,924 [INFO] library.performance [dd707b57-450c-4240-9dda-662a9767e4f8] PERFORMANCE: List Patrons Performance - Execution time: 1.21ms
2025-03-14 23:11:07,178 [INFO] library.performance [87c243c6-872c-4535-8ce0-f9a4bb1a975c] PERFORMANCE: List Patrons Performance - Execution time: 1.16ms
2025-03-14 23:11:07,525 [INFO] library.performance [1f1c62f5-7ee8-470b-bb8b-bb77f0233663] PERFORMANCE: List Patrons Performance - Execution time: 1.18ms
2025-03-14 23:11:07,736 [INFO] library.performance [aed56297-211c-49fb-bc10-764217f8d6fe] PERFORMANCE: List Patrons Performance - Execution time: 1.13ms
2025-03-14 23:11:41,085 [INFO] library.performance [8a639716-b115-4b12-9fe5-6c3b19119e8d] PERFORMANCE: Create Patron Performance - Execution time: 1.86ms
2025-03-14 23:12:24,816 [INFO] library.performance [d0fb5b7e-1bcd-4b32-b952-453f03dc46b2] PERFORMANCE: Create Patron Performance - Execution time: 8.88ms
2025-03-14 23:12:28,734 [INFO] library.performance [89675783-d618-41de-b06a-6d286b400f07] PERFORMANCE: List Patrons Performance - Execution time: 2.23ms
2025-03-14 23:12:32,908 [INFO] library.performance [59f011d5-061b-414f-96d0-4b9322fb351c] PERFORMANCE: List Patrons Performance - Execution time: 2.34ms
2025-03-14 23:12:35,514 [INFO] library.performance [bb7a9df4-2651-4510-a270-436b43e5a582] PERFORMANCE: Create Patron Performance - Execution time: 2.88ms
2025-03-14 23:12:51,751 [INFO] library.performance [ddba0d01-e8a1-4c18-a273-6e01f9b20f72] PERFORMANCE: Create Patron Performance - Execution time: 3.96ms
2025-03-14 23:13:12,058 [INFO] library.performance [badd3302-5a8a-4256-9f57-50a3eefafb24] PERFORMANCE: Retrieve Patron Performance - Execution time: 2.20ms
2025-03-14 23:14:59,733 [INFO] library.performance [8b11e7d9-ff23-4ec9-a22b-c8d42e44977a] PERFORMANCE: Update Patron Performance - Execution time: 5.75ms
2025-03-14 23:15:06,453 [INFO] library.performance [e74d88a4-f8c4-4d79-b1f3-33f20fe7a288] PERFORMANCE: Update Patron Performance - Execution time: 7.19ms
2025-03-14 23:15:11,143 [INFO] library.performance [8de759f3-6607-4f3f-8d3e-447bf1e07f66] PERFORMANCE: Update Patron Performance - Execution time: 7.36ms
2025-03-14 23:17:18,532 [INFO] library.performance [d19bdfe3-0876-4fe8-a0b4-4ff0b806ad74] PERFORMANCE: List Patrons Performance - Execution time: 1.91ms
2025-03-14 23:17:21,681 [INFO] library.performance [db52468b-2188-49ce-bfd0-d58affa13017] PERFORMANCE: Create Patron Performance - Execution time: 7.61ms
2025-03-14 23:18:52,041 [INFO] library.performance [2872c6d0-55da-44ef-98d3-baf7598d74f9] PERFORMANCE: Create Patron Performance - Execution time: 7.39ms
2025-03-15 11:22:14,574 [INFO] library.performance [d82e2846-278f-4edd-a366-eed19b3792e2] PERFORMANCE: List Patrons Performance - Execution time: 1.72ms
2025-03-15 11:22:17,574 [INFO] library.performance [d707911d-fe9c-42d1-a36d-1533924f4351] PERFORMANCE: Create Patron Performance - Execution time: 8.25ms
2025-03-15 11:22:20,134 [INFO] library.performance [004c1d57-0aa2-48b0-af0b-7461986d178d] PERFORMANCE: Create Patron Performance - Execution time: 3.03ms
2025-03-15 11:22:28,290 [INFO] library.performance [0d8f8300-0773-414b-84db-6ce513bb8f19] PERFORMANCE: List Patrons Performance - Execution time: 2.10ms
2025-03-15 11:22:38,339 [INFO] library.performance [1e7eec84-b88d-42a4-b4a5-4a678c3eb40e] PERFORMANCE: List Patrons Performance - Execution time: 1.16ms
2025-03-15 11:22:41,154 [INFO] library.performance [a090a092-c847-46c8-8fef-8b42661cff28] PERFORMANCE: Create Patron Performance - Execution time: 6.57ms
2025-03-15 11:22:45,960 [INFO] library.performance [808b8f5c-baf4-45f8-b391-ca06916fcfc8] PERFORMANCE: Retrieve Patron Performance - Execution time: 0.98ms
2025-03-15 11:23:00,259 [INFO] library.performance [e4c5efb5-ae3c-46ad-a405-add5f5e3d470] PERFORMANCE: Retrieve Patron Performance - Execution time: 0.85ms
2025-03-15 11:23:01,214 [INFO] library.performance [0d2ed46a-64d3-42d1-bca2-1f21811f8dcc] PERFORMANCE: Retrieve Patron Performance - Execution time: 0.87ms
2025-03-15 11:23:01,914 [INFO] library.performance [6d1845e8-781e-47a7-817f-07b4613892c3] PERFORMANCE: Retrieve Patron Performance - Execution time: 0.81ms
2025-03-15 11:23:17,428 [INFO] library.performance [75c08a76-4aab-49c6-ba42-19f917ddd7db] PERFORMANCE: Update Patron Performance - Execution time: 0.82ms
2025-03-15 11:23:20,845 [INFO] library.performance [59354157-9104-4d75-b7b8-cae74e631cd9] PERFORMANCE: Update Patron Performance - Execution time: 6.44ms
2025-03-15 11:51:16,026 [INFO] library.performance [e8c6e36d-3fc2-44b3-b588-20beac3e4e16] PERFORMANCE: List Patrons Performance - Execution time: 2.83ms
2025-03-15 11:51:21,210 [INFO] library.performance [a31688a4-2fa8-43df-b213-352ba59292d5] PERFORMANCE: List Patrons Performance - Execution time: 2.28ms
2025-03-15 11:51:22,158 [INFO] library.performance [e79e9ccd-3e1e-491a-830b-6efa973df44d] PERFORMANCE: List Patrons Performance - Execution time: 2.28ms
2025-03-15 11:52:05,407 [INFO] library.performance [a5a8b32c-90fc-411e-99ce-f514d2897090] PERFORMANCE: Create Patron Performance - Execution time: 4.84ms
2025-03-15 11:52:11,871 [INFO] library.performance [5f169cbd-23ad-4875-bcaf-858bd64e3d53] PERFORMANCE: Create Patron Performance - Execution time: 5.65ms
2025-03-15 11:52:15,845 [INFO] library.performance [2f403e2f-faf1-4a01-8468-46a4e3de21d0] PERFORMANCE: Create Patron Performance - Execution time: 3.32ms
2025-03-15 11:52:17,354 [INFO] library.performance [e032e7c6-9877-48cf-a7ba-88b87f1dc08a] PERFORMANCE: Create Patron Performance - Execution time: 3.12ms
2025-03-15 11:52:19,571 [INFO] library.performance [fdda130d-cfa3-4dc2-93a6-62b9acff307d] PERFORMANCE: Create Patron Performance - Execution time: 2.78ms
2025-03-15 11:52:21,312 [INFO] library.performance [6a916749-6554-443f-bba1-5489602ec99b] PERFORMANCE: Create Patron Performance - Execution time: 3.22ms
2025-03-15 11:52:23,074 [INFO] library.performance [baf3b41c-aaaa-4c18-9978-e02705d98a56] PERFORMANCE: Create Patron Performance - Execution time: 3.70ms
2025-03-15 11:52:25,883 [INFO] library.performance [ec3b55a0-5206-46ba-a509-deeef6198cf7] PERFORMANCE: List Patrons Performance - Execution time: 2.21ms
2025-03-15 11:52:33,218 [INFO] library.performance [62b0ef49-4d4c-4a47-a21e-323669de18ef] PERFORMANCE: List Patrons Performance - Execution time: 2.01ms
2025-03-15 11:52:42,411 [INFO] library.performance [97075ac6-dd64-4db3-9aff-ee792077193e] PERFORMANCE: List Patrons Performance - Execution time: 2.32ms
2025-03-15 11:52:46,824 [INFO] library.performance [f40bc32f-3086-4f9c-8949-23a590188089] PERFORMANCE: List Patrons Performance - Execution time: 2.21ms
2025-03-15 12:02:04,782 [INFO] library.performance [51e88f6c-fa8f-44b6-8d7c-e7fea6aa0f60] PERFORMANCE: Borrow Book Performance - Execution time: 6.77ms
2025-03-15 12:02:07,396 [INFO] library.performance [f89397e5-79c4-4110-8327-73e279931f16] PERFORMANCE: Borrow Book Performance - Execution time: 2.49ms
2025-03-15 12:02:08,268 [INFO] library.performance [f3205034-48d9-4cdd-9dea-b316af7ccf46] PERFORMANCE: Borrow Book Performance - Execution time: 4.92ms
2025-03-15 12:02:09,138 [INFO] library.performance [d01649ae-b69d-4255-b40f-ee133b65dcb9] PERFORMANCE: Borrow Book Performance - Execution time: 3.09ms
2025-03-15 12:02:10,878 [INFO] library.performance [7ada2820-e037-4bf1-bf7b-67e456e90afc] PERFORMANCE: Return Book Performance - Execution time: 6.85ms
2025-03-15 12:02:12,637 [INFO] library.performance [d569d76b-d2f8-46b0-858c-6a81aa85aef2] PERFORMANCE: Return Book Performance - Execution time: 6.48ms
2025-03-15 12:02:12,645 [INFO] library.performance [f33a688d-bc82-4983-83f0-e0171bee9f13] PERFORMANCE: Return Book Performance - Execution time: 2.07ms
2025-03-15 12:07:10,646 [INFO] library.performance [e705b80b-f877-4707-b06c-252ad0a66bc1] PERFORMANCE: Borrow Book Performance - Execution time: 5.61ms
2025-03-15 12:07:13,276 [INFO] library.performance [88bec4e0-806e-4348-b96b-ab5c132860de] PERFORMANCE: Borrow Book Performance - Execution time: 3.28ms
2025-03-15 12:07:14,152 [INFO] library.performance [07de5f03-6650-4c06-b8e9-fe99409d6ca0] PERFORMANCE: Borrow Book Performance - Execution time: 7.96ms
2025-03-15 12:07:15,028 [INFO] library.performance [0c1f18a6-c7de-4094-8d1f-40c842eaee53] PERFORMANCE: Borrow Book Performance - Execution time: 4.06ms
2025-03-15 12:07:16,785 [INFO] library.performance [96a5f43a-f16b-45d8-9216-d9de6a2baaa6] PERFORMANCE: Return Book Performance - Execution time: 7.03ms
2025-03-15 12:07:18,543 [INFO] library.performance [03330178-9f56-4f0d-87a6-81a328c87f1e] PERFORMANCE: Return Book Performance - Execution time: 8.03ms
2025-03-15 12:07:18,551 [INFO] library.performance [f6938ac8-a254-4baf-abf3-db97afb1218d] PERFORMANCE: Return Book Performance - Execution time: 2.45ms
2025-03-15 12:10:36,550 [INFO] library.performance [44f039b2-fb08-4d64-b6ad-68de8abee8bb] PERFORMANCE: Book List Performance - Execution time: 2.61ms
2025-03-15 12:11:10,127 [INFO] library.performance [d8174ee3-cda1-4c53-a561-5a8f97e4870e] PERFORMANCE: Book Creation Performance - Execution time: 5.93ms
2025-03-15 12:11:18,956 [INFO] library.performance [22341859-d0b1-4d91-a173-2fe1ded86c5b] PERFORMANCE: Book Creation Performance - Execution time: 5.85ms
2025-03-15 12:11:29,980 [INFO] library.performance [36f4205c-9630-491e-ba40-e9579f6a0c1a] PERFORMANCE: Book Creation Performance - Execution time: 13.80ms
2025-03-15 12:11:42,167 [INFO] library.performance [37d6287a-57a9-4668-958e-4d7539c705cc] PERFORMANCE: List Patrons Performance - Execution time: 2.52ms
2025-03-15 12:14:31,126 [INFO] library.performance [8e2ba25a-3598-47f4-8713-97b5a543623e] PERFORMANCE: Borrow Book Performance - Execution time: 8.39ms
2025-03-15 12:15:18,718 [INFO] library.performance [ee9f143d-a86f-449a-ae09-ff411a5e3a9f] PERFORMANCE: Borrow Book Performance - Execution time: 3.44ms
2025-03-15 12:16:29,095 [INFO] library.performance [28c876b7-8e0f-4d54-b79d-2445ffc68f6b] PERFORMANCE: Return Book Performance - Execution time: 2.91ms
2025-03-15 12:16:35,871 [INFO] library.performance [7822aa1f-1ab5-4529-9c7a-3a15ec18afd8] PERFORMANCE: Return Book Performance - Execution time: 7.34ms
2025-03-15 12:16:39,390 [INFO] library.performance [dddf8fe2-9d54-4c81-a38a-cf0f10ef7200] PERFORMANCE: Return Book Performance - Execution time: 2.96ms
2025-03-15 12:16:41,023 [INFO] library.performance [904e09d1-4d7e-4aa5-a912-e02e7dc41967] PERFORMANCE: Return Book Performance - Execution time: 2.84ms
2025-03-15 12:16:41,610 [INFO] library.performance [a5ea9747-5f04-4681-9049-27d90113c36d] PERFORMANCE: Return Book Performance - Execution time: 3.27ms
2025-03-15 12:16:41,953 [INFO] library.performance [6163c1fb-890c-415f-89c3-700badb63d29] PERFORMANCE: Return Book Performance - Execution time: 3.47ms
2025-03-15 12:16:41,971 [INFO] library.performance [0ad88f3e-d3ae-4bde-bfdd-c78c22e93499] PERFORMANCE: Return Book Performance - Execution time: 3.17ms
2025-03-15 12:16:42,230 [INFO] library.performance [f42cf143-3f87-4936-8a0a-f0c8176b6947] PERFORMANCE: Return Book Performance - Execution time: 2.88ms
2025-03-15 12:16:44,363 [INFO] library.performance [99868d80-0a8c-4599-9067-859a13f17ead] PERFORMANCE: Return Book Performance - Execution time: 3.17ms
2025-03-15 12:16:48,036 [INFO] library.performance [dc5517dd-430d-42bb-9d74-7d0466cf6da6] PERFORMANCE: Borrow Book Performance - Execution time: 5.54ms
2025-03-15 12:16:50,933 [INFO] library.performance [8898ce65-cfc1-4172-b57e-07efbdb99d39] PERFORMANCE: Return Book Performance - Execution time: 7.63ms
2025-03-15 12:24:44,856 [INFO] library.performance [852c5ae9-8afb-44e1-a000-b4163c4ba73a] PERFORMANCE: Book List Performance - Execution time: 51.25ms
2025-03-15 12:25:23,810 [INFO] library.performance [3dd80926-43d7-4c48-8b5a-ffcb94443a3e] PERFORMANCE: List Patrons Performance - Execution time: 0.62ms
2025-03-15 12:28:38,857 [INFO] library.performance [997559ae-9df9-497c-b260-c4e54fca805c] PERFORMANCE: List Patrons Performance - Execution time: 41.14ms
2025-03-15 12:29:56,956 [INFO] library.performance [71781208-bb32-42ff-ac49-62adb430559f] PERFORMANCE: List Patrons Performance - Execution time: 40.18ms
2025-03-15 12:29:58,024 [INFO] library.performance [ac6a20eb-8809-4eac-9e34-b28bb4ebef05] PERFORMANCE: List Patrons Performance - Execution time: 0.39ms
2025-03-15 12:29:58,626 [INFO] library.performance [af48a2a6-2f87-4d0d-b461-0af336ed5df7] PERFORMANCE: List Patrons Performance - Execution time: 0.29ms
2025-03-15 12:29:59,064 [INFO] library.performance [9f0b4615-9849-4d41-97b8-3afbfcfda566] PERFORMANCE: List Patrons Performance - Execution time: 0.31ms
2025-03-15 12:29:59,123 [INFO] library.performance [ae09198f-1264-4ebf-be84-51707aaa7677] PERFORMANCE: List Patrons Performance - Execution time: 0.49ms
2025-03-15 12:29:59,187 [INFO] library.performance [3e43151e-034f-4248-9790-454b512b4b6d] PERFORMANCE: List Patrons Performance - Execution time: 0.33ms
2025-03-15 12:29:59,521 [INFO] library.performance [c9a321ec-a7b3-42fd-9457-2dd008a44c6e] PERFORMANCE: List Patrons Performance - Execution time: 0.32ms
2025-03-15 12:29:59,586 [INFO] library.performance [a1bffe38-94ed-49a6-8025-afb9954899fe] PERFORMANCE: List Patrons Performance - Execution time: 0.34ms
2025-03-15 12:29:59,704 [INFO] library.performance [0b650c76-69dc-4b98-9595-67e97ea69702] PERFORMANCE: List Patrons Performance - Execution time: 0.26ms
2025-03-15 12:34:58,221 [INFO] library.performance [928bff0b-3275-4a30-bf11-3c67c058faea] PERFORMANCE: List Patrons Performance - Execution time: 28.46ms
2025-03-15 12:37:30,915 [INFO] library.performance [e6cb0e0c-2e39-41ec-b8e9-ba88a6b73eef] PERFORMANCE: List Patrons Performance - Execution time: 0.93ms
2025-03-15 12:38:00,847 [INFO] library.performance [c2383d49-1445-4f1e-949c-94edb9fb26ad] PERFORMANCE: List Patrons Performance - Execution time: 3847.49ms
2025-03-15 12:38:00,848 [WARNING] library.performance [c2383d49-1445-4f1e-949c-94edb9fb26ad] SLOW EXECUTION: List Patrons Performance - Execution time: 3847.49ms
2025-03-15 12:38:22,261 [INFO] library.performance [8bd3beed-d040-4c4f-9b03-4ffd94d6750e] PERFORMANCE: List Patrons Performance - Execution time: 3808.67ms
2025-03-15 12:38:22,262 [WARNING] library.performance [8bd3beed-d040-4c4f-9b03-4ffd94d6750e] SLOW EXECUTION: List Patrons Performance - Execution time: 3808.67ms
2025-03-15 12:39:38,916 [INFO] library.performance [367c2d2a-bec6-4596-8e4d-28a19ce5710c] PERFORMANCE: List Patrons Performance - Execution time: 3835.81ms
2025-03-15 12:39:38,917 [WARNING] library.performance [367c2d2a-bec6-4596-8e4d-28a19ce5710c] SLOW EXECUTION: List Patrons Performance - Execution time: 3835.81ms
2025-03-15 12:40:07,061 [INFO] library.performance [d6b9856f-d214-4c9c-a81b-aef0dcf2328e] PERFORMANCE: List Patrons Performance - Execution time: 41.91ms
2025-03-15 12:40:11,968 [INFO] library.performance [5defe2ae-eac8-4d00-b34e-2fc715ab16d3] PERFORMANCE: List Patrons Performance - Execution time: 1.55ms
2025-03-15 12:40:12,573 [INFO] library.performance [d88b37fb-755e-4d10-8d5c-c043125fe060] PERFORMANCE: List Patrons Performance - Execution time: 0.82ms
2025-03-15 12:40:13,039 [INFO] library.performance [0a177dbe-6319-4e80-b696-949a50f60251] PERFORMANCE: List Patrons Performance - Execution time: 0.87ms
2025-03-15 12:40:13,538 [INFO] library.performance [cff00cb3-cf55-4cd1-a2b3-f181157b177a] PERFORMANCE: List Patrons Performance - Execution time: 0.86ms
2025-03-15 12:40:13,911 [INFO] library.performance [cb8a7715-0de6-4a48-98be-66ae8ad5c0db] PERFORMANCE: List Patrons Performance - Execution time: 1.56ms
2025-03-15 12:40:14,258 [INFO] library.performance [2433e1f2-b24d-4b9e-9038-830bf31699e8] PERFORMANCE: List Patrons Performance - Execution time: 0.88ms
2025-03-15 12:40:14,274 [INFO] library.performance [d8bed1dd-7c31-4f97-9cb5-4cee5e7932aa] PERFORMANCE: List Patrons Performance - Execution time: 0.98ms
2025-03-15 12:40:14,392 [INFO] library.performance [b6a8a405-1ca5-462b-a898-8ed8c50d0a06] PERFORMANCE: List Patrons Performance - Execution time: 0.83ms
2025-03-15 12:40:14,739 [INFO] library.performance [deaec385-a328-447e-b839-87ae85304ec3] PERFORMANCE: List Patrons Performance - Execution time: 0.87ms
2025-03-15 12:40:14,755 [INFO] library.performance [f144b96a-741e-4945-b11e-34614238a0b2] PERFORMANCE: List Patrons Performance - Execution time: 0.93ms
2025-03-15 12:40:14,838 [INFO] library.performance [5386b354-5a95-4085-8ff1-f8200f8589a1] PERFORMANCE: List Patrons Performance - Execution time: 0.91ms
2025-03-15 12:40:14,975 [INFO] library.performance [18912e04-f4a9-40dd-a027-a29d2aa0276b] PERFORMANCE: List Patrons Performance - Execution time: 0.84ms
2025-03-15 12:40:15,127 [INFO] library.performance [8ac64bb3-4406-4dec-b5e5-b0c9901b579c] PERFORMANCE: List Patrons Performance - Execution time: 1.14ms
2025-03-15 12:40:15,377 [INFO] library.performance [cabe60be-2615-45b8-aa6c-260b9ca84ba4] PERFORMANCE: List Patrons Performance - Execution time: 0.90ms
2025-03-15 12:40:15,445 [INFO] library.performance [ffbc0fa6-4b56-4b8c-9fbf-c20cfcc429bd] PERFORMANCE: List Patrons Performance - Execution time: 1.26ms
2025-03-15 12:40:15,529 [INFO] library.performance [d381e33a-056b-49c4-9f71-857242c8804c] PERFORMANCE: List Patrons Performance - Execution time: 2.11ms
2025-03-15 12:40:15,849 [INFO] library.performance [3bc10d29-82f4-4bde-91ad-d2512783f693] PERFORMANCE: List Patrons Performance - Execution time: 0.87ms
2025-03-15 12:40:15,864 [INFO] library.performance [842ae094-9e12-401d-b4ed-95c98f1f24c8] PERFORMANCE: List Patrons Performance - Execution time: 0.91ms
2025-03-15 12:40:15,991 [INFO] library.performance [5beb7080-e0d0-43f4-b5b3-d1db1ab5ece9] PERFORMANCE: List Patrons Performance - Execution time: 0.84ms
2025-03-15 12:40:16,323 [INFO] library.performance [883fce38-e5b1-457f-91db-5d8fa22f7099] PERFORMANCE: List Patrons Performance - Execution time: 1.01ms
2025-03-15 12:40:16,339 [INFO] library.performance [bd984a80-a8f6-422d-98e8-bb607d5840fb] PERFORMANCE: List Patrons Performance - Execution time: 0.87ms
2025-03-15 12:40:16,471 [INFO] library.performance [b3df6f5f-653c-4c19-af6d-f3ea1328c52c] PERFORMANCE: List Patrons Performance - Execution time: 0.83ms
2025-03-15 12:40:16,739 [INFO] library.performance [6ebdd4c1-154b-405f-a0a5-8e6a65d58df9] PERFORMANCE: List Patrons Performance - Execution time: 0.93ms
2025-03-15 12:40:16,806 [INFO] library.performance [9917ab5c-e5cb-4ed8-8db4-555da4e4ad14] PERFORMANCE: List Patrons Performance - Execution time: 0.86ms
2025-03-15 12:40:16,948 [INFO] library.performance [64971444-cedb-49b0-8937-9c06827b8449] PERFORMANCE: List Patrons Performance - Execution time: 0.83ms
2025-03-15 12:40:17,086 [INFO] library.performance [9ad252fc-7657-4065-b5b0-774fdc9cd44c] PERFORMANCE: List Patrons Performance - Execution time: 0.79ms
2025-03-15 12:40:17,407 [INFO] library.performance [e5748b13-83f5-4632-b11e-9299d6535312] PERFORMANCE: List Patrons Performance - Execution time: 1.05ms
2025-03-15 12:40:17,423 [INFO] library.performance [cd3135b2-6bdc-4625-b158-c151a86c623e] PERFORMANCE: List Patrons Performance - Execution time: 0.95ms
2025-03-15 12:40:17,769 [INFO] library.performance [d3245dc5-f7b9-4426-ba0d-3e6161757588] PERFORMANCE: List Patrons Performance - Execution time: 1.03ms
2025-03-15 12:40:17,785 [INFO] library.performance [172d20f6-f0d8-4c4b-8e43-70651919569d] PERFORMANCE: List Patrons Performance - Execution time: 0.93ms
2025-03-15 12:47:51,572 [INFO] library.performance [f6e4685b-c2ee-45e7-96bb-c8e1bf119411] PERFORMANCE: List Patrons Performance - Execution time: 3.65ms
2025-03-15 12:47:53,526 [INFO] library.performance [f4cd60ec-ede8-486f-aa1c-6d149beca116] PERFORMANCE: List Patrons Performance - Execution time: 0.78ms
2025-03-15 12:53:02,818 [INFO] library.performance [3e23514d-6259-4063-bc3c-d0cecad86311] PERFORMANCE: List Patrons Performance - Execution time: 5322.18ms
2025-03-15 12:53:02,819 [WARNING] library.performance [3e23514d-6259-4063-bc3c-d0cecad86311] SLOW EXECUTION: List Patrons Performance - Execution time: 5322.18ms
2025-03-15 12:53:24,713 [INFO] library.performance [7994ad17-6f3c-42de-a12a-6ff9782dc4df] PERFORMANCE: List Patrons Performance - Execution time: 271.42ms
2025-03-15 12:53:28,207 [INFO] library.performance [3a61442c-7738-4a16-892d-a9cbe96e2d23] PERFORMANCE: List Patrons Performance - Execution time: 259.18ms
2025-03-15 12:53:29,427 [INFO] library.performance [d4bf551a-8c54-4c53-bcc4-22afdfd1b465] PERFORMANCE: List Patrons Performance - Execution time: 254.51ms
2025-03-15 12:54:08,011 [INFO] library.performance [5a4f3ff0-9304-4614-bf63-9c3e997dd331] PERFORMANCE: List Patrons Performance - Execution time: 359.37ms
2025-03-15 12:54:26,335 [INFO] library.performance [2b8d57cc-909c-4bb0-820b-b2401d5c7312] PERFORMANCE: List Patrons Performance - Execution time: 250.76ms
2025-03-15 12:54:44,290 [INFO] library.performance [5fa2b6ae-d83e-4f1e-90b3-605f5eecb3e6] PERFORMANCE: List Patrons Performance - Execution time: 325.59ms
2025-03-15 12:54:45,106 [INFO] library.performance [0d52f28e-3ba4-40a7-835e-9d9e5d2f00a7] PERFORMANCE: List Patrons Performance - Execution time: 298.79ms
2025-03-15 12:57:33,402 [INFO] library.performance [ff95a0d5-3f6d-4762-8f2b-634f93885bd0] PERFORMANCE: Book Creation Performance - Execution time: 4.03ms
2025-03-15 12:57:38,356 [INFO] library.performance [81129fe5-b5d6-4b7d-84d3-a2baefec15b6] PERFORMANCE: Book Creation Performance - Execution time: 14.64ms
2025-03-15 12:57:49,297 [INFO] library.performance [8d0cdb33-ace4-446c-9f62-a92f0a8a341e] PERFORMANCE: Borrow Book Performance - Execution time: 7.92ms
2025-03-15 12:57:56,353 [INFO] library.performance [73576623-d830-4f7f-899f-8137f68ddbe7] PERFORMANCE: Borrow Book Performance - Execution time: 6.33ms
2025-03-15 12:58:28,288 [INFO] library.performance [95710e81-cf1c-4d2f-9cc8-7b97f9864105] PERFORMANCE: Book Creation Performance - Execution time: 3.36ms
2025-03-15 12:58:46,057 [INFO] library.performance [9a13d733-330d-492b-9077-3b3110e895a3] PERFORMANCE: Book Update Performance - Execution time: 1.13ms
2025-03-15 12:58:51,717 [INFO] library.performance [6d914807-a11d-48cf-a961-ff580795c4bd] PERFORMANCE: Book Update Performance - Execution time: 0.96ms
2025-03-15 12:58:54,730 [INFO] library.performance [93b40169-dd73-487d-bd4f-3b8dc27fa40d] PERFORMANCE: Book Update Performance - Execution time: 6.99ms
2025-03-15 12:58:59,684 [INFO] library.performance [c45c9dac-e6ef-4870-92cd-1450eb9a8327] PERFORMANCE: Book Update Performance - Execution time: 11.90ms
2025-03-15 12:59:29,731 [INFO] library.performance [2e25e813-a795-4a9c-a056-867a572782ad] PERFORMANCE: Borrow Book Performance - Execution time: 7.01ms
2025-03-15 12:59:32,624 [INFO] library.performance [54940a3b-4c9f-4d79-a7b7-c40e731cc624] PERFORMANCE: Borrow Book Performance - Execution time: 2.63ms
2025-03-15 13:01:40,458 [INFO] library.performance [e2a64673-e7ab-448c-bec0-e29c31151b9f] PERFORMANCE: Book Creation Performance - Execution time: 9.95ms
2025-03-15 13:01:42,213 [INFO] library.performance [e95b2448-3d1d-4727-8011-ae609557e2c3] PERFORMANCE: Book Creation Performance - Execution time: 2.44ms
2025-03-15 13:01:45,743 [INFO] library.performance [d841f8da-8fa7-4d4c-8050-1dc3930710a1] PERFORMANCE: Book List Performance - Execution time: 4.50ms
2025-03-15 13:01:47,509 [INFO] library.performance [06c1ba11-a2a0-4930-88bf-cb8b36933495] PERFORMANCE: Book Retrieval Performance - Execution time: 2.53ms
2025-03-15 13:01:48,405 [INFO] library.performance [09340c2d-1388-42b0-80a7-4890fab0f3f8] PERFORMANCE: Book Retrieval Performance - Execution time: 2.78ms
2025-03-15 13:01:49,312 [INFO] library.performance [77adb984-5c43-47a8-9d5e-926503d5872e] PERFORMANCE: Book Update Performance - Execution time: 10.22ms
2025-03-15 13:01:51,098 [INFO] library.performance [a89d4c08-351e-46f4-869a-07ee4c514674] PERFORMANCE: Borrow Book Performance - Execution time: 7.22ms
2025-03-15 13:01:53,762 [INFO] library.performance [89cbecb7-6f0c-4b87-a718-6b85f0b0e64a] PERFORMANCE: Borrow Book Performance - Execution time: 2.46ms
2025-03-15 13:01:54,667 [INFO] library.performance [f40850ea-ed59-424f-823b-af667cb518c0] PERFORMANCE: Borrow Book Performance - Execution time: 5.06ms
2025-03-15 13:01:55,568 [INFO] library.performance [68006469-50ae-423d-ad56-72c58df0834f] PERFORMANCE: Borrow Book Performance - Execution time: 3.36ms
2025-03-15 13:01:57,338 [INFO] library.performance [4590d4a3-65e0-402e-8cbe-12c9723c15db] PERFORMANCE: Return Book Performance - Execution time: 7.48ms
2025-03-15 13:01:59,097 [INFO] library.performance [2626845a-08e5-4acf-953f-057d392c97e9] PERFORMANCE: Return Book Performance - Execution time: 8.62ms
2025-03-15 13:01:59,108 [INFO] library.performance [38867c35-de55-46c4-ad15-1d1860103844] PERFORMANCE: Return Book Performance - Execution time: 3.12ms
2025-03-15 13:02:00,048 [INFO] library.performance [fa9f1dcf-e637-4ff3-9d3a-4852f266002d] PERFORMANCE: Create Patron Performance - Execution time: 6.20ms
2025-03-15 13:02:01,846 [INFO] library.performance [43b82740-1126-427e-9691-ab9b64be73b9] PERFORMANCE: Create Patron Performance - Execution time: 3.78ms
2025-03-15 13:02:02,727 [INFO] library.performance [193661cb-68f7-445e-bfca-b1a7233e1e22] PERFORMANCE: Create Patron Performance - Execution time: 3.60ms
2025-03-15 13:02:03,616 [INFO] library.performance [e78269c8-6aca-4bea-93ad-da6b4dc2972d] PERFORMANCE: Create Patron Performance - Execution time: 2.08ms
2025-03-15 13:02:07,148 [INFO] library.performance [500d368f-87d7-4ee7-8dc7-c71f093aa07e] PERFORMANCE: List Patrons Performance - Execution time: 3.98ms
2025-03-15 13:02:08,022 [INFO] library.performance [8a6f04c6-de09-4b5e-8551-219e338ab361] PERFORMANCE: List Patrons Performance - Execution time: 4.22ms
2025-03-15 13:02:08,901 [INFO] library.performance [2345a03c-a08d-40f6-add8-3dd2f488cedd] PERFORMANCE: List Patrons Performance - Execution time: 1.78ms
2025-03-15 13:02:10,657 [INFO] library.performance [6bf5b42f-8c01-4f84-8933-27bccc63677a] PERFORMANCE: Retrieve Patron Performance - Execution time: 1.84ms
2025-03-15 13:02:11,526 [INFO] library.performance [8bc9433b-c1ab-4e0b-89e4-e3f8fa8e2559] PERFORMANCE: Retrieve Patron Performance - Execution time: 2.86ms
2025-03-15 13:02:12,405 [INFO] library.performance [2435680f-a23e-465d-921c-a83519541639] PERFORMANCE: Retrieve Patron Performance - Execution time: 3.71ms
2025-03-15 13:02:13,273 [INFO] library.performance [9187da81-8644-465a-b957-dba6faa32af6] PERFORMANCE: List Patrons Performance - Execution time: 2.71ms
2025-03-15 13:02:14,158 [INFO] library.performance [06712534-9196-4b50-942e-761f40ea101b] PERFORMANCE: Update Patron Performance - Execution time: 4.42ms
2025-03-15 13:10:15,567 [INFO] library.performance [d6e0fdd4-5ffb-426a-a875-a3096c9e9dfa] PERFORMANCE: Book Creation Performance - Execution time: 9.11ms
2025-03-15 13:10:17,326 [INFO] library.performance [1120679b-d046-4bf8-b382-2c2b827fc8c9] PERFORMANCE: Book Creation Performance - Execution time: 2.83ms
2025-03-15 13:10:20,849 [INFO] library.performance [4c9c2518-ca20-45f9-b7b3-f5aba8d568a1] PERFORMANCE: Book List Performance - Execution time: 2.96ms
2025-03-15 13:10:22,595 [INFO] library.performance [204431b7-e848-40b8-a33c-011f82487ed6] PERFORMANCE: Book Retrieval Performance - Execution time: 1.75ms
2025-03-15 13:10:23,473 [INFO] library.performance [144f0aec-40e4-41e8-9e9d-c807e8002a4e] PERFORMANCE: Book Retrieval Performance - Execution time: 2.55ms
2025-03-15 13:10:24,359 [INFO] library.performance [58a8bbc4-2ad2-460e-a526-a8b93d36e377] PERFORMANCE: Book Update Performance - Execution time: 8.44ms
2025-03-15 13:10:26,127 [INFO] library.performance [3f5dd04a-fcc1-4a19-82ea-3846a8de5d1f] PERFORMANCE: Borrow Book Performance - Execution time: 7.05ms
2025-03-15 13:10:28,797 [INFO] library.performance [ae7aad5b-3a64-41fa-bba6-e3b943d8a824] PERFORMANCE: Borrow Book Performance - Execution time: 2.50ms
2025-03-15 13:10:29,694 [INFO] library.performance [3e29669b-7f82-4e87-9225-cc268eaa40ce] PERFORMANCE: Borrow Book Performance - Execution time: 3.90ms
2025-03-15 13:10:31,493 [INFO] library.performance [e9de0a85-4541-4878-b5d8-d27ef468750c] PERFORMANCE: Return Book Performance - Execution time: 6.29ms
2025-03-15 13:10:33,284 [INFO] library.performance [a373bc1b-8b01-4da7-bacb-ff9a80604b0d] PERFORMANCE: Return Book Performance - Execution time: 7.10ms
2025-03-15 13:10:33,294 [INFO] library.performance [f6ea839b-eb3c-47fb-bf3f-88777b6f4ab0] PERFORMANCE: Return Book Performance - Execution time: 3.17ms
2025-03-15 13:10:34,217 [INFO] library.performance [4568b0f2-0dba-4203-8953-6b32edc9938c] PERFORMANCE: Create Patron Performance - Execution time: 6.98ms
2025-03-15 13:10:35,977 [INFO] library.performance [741adbf8-e7d4-4634-a171-03bda696600c] PERFORMANCE: Create Patron Performance - Execution time: 5.04ms
2025-03-15 13:10:36,856 [INFO] library.performance [706e3083-b47e-4f28-9340-999745b0e294] PERFORMANCE: Create Patron Performance - Execution time: 3.76ms
2025-03-15 13:10:37,739 [INFO] library.performance [ba511e42-8244-478f-a014-288727e5c455] PERFORMANCE: Create Patron Performance - Execution time: 3.36ms
2025-03-15 13:10:41,226 [INFO] library.performance [93283ff1-bcd8-4405-9890-7db00d59f2d7] PERFORMANCE: List Patrons Performance - Execution time: 5.31ms
2025-03-15 13:10:42,099 [INFO] library.performance [89980348-04ba-496f-b77b-2c66bc85b794] PERFORMANCE: List Patrons Performance - Execution time: 1.78ms
2025-03-15 13:10:43,855 [INFO] library.performance [56b12066-94af-4189-97ce-8b21de701a1d] PERFORMANCE: Retrieve Patron Performance - Execution time: 1.99ms
2025-03-15 13:10:44,741 [INFO] library.performance [07cb05f5-8081-470d-9880-130b38e3efa8] PERFORMANCE: Retrieve Patron Performance - Execution time: 2.97ms
2025-03-15 13:10:45,633 [INFO] library.performance [695e1684-803b-4617-af6e-b2ed42188f0d] PERFORMANCE: Retrieve Patron Performance - Execution time: 3.41ms
2025-03-15 13:10:46,511 [INFO] library.performance [b07089be-c35e-43dd-b13a-302a252b1feb] PERFORMANCE: Update Patron Performance - Execution time: 3.10ms
2025-03-15 16:00:17,362 [INFO] library.performance [34cb8ead-71f7-4f3c-85c9-abbb2effe2ee] PERFORMANCE: Book List Performance - Execution time: 68.71ms
2025-03-15 16:01:17,699 [INFO] library.performance [0fafe3bf-d2b3-4615-8a69-08fcca37dc98] PERFORMANCE: Book Creation Performance - Execution time: 3.20ms
2025-03-15 16:01:39,469 [INFO] library.performance [2c2a188d-4e47-4bf3-84ae-1d0b0167dcd1] PERFORMANCE: Book Creation Performance - Execution time: 10.67ms
2025-03-15 16:01:47,194 [INFO] library.performance [5fb61f06-0440-48e3-8e45-260665c4b11c] PERFORMANCE: Book List Performance - Execution time: 2.60ms
2025-03-15 16:03:20,248 [INFO] library.performance [debbc7b7-0170-4c0f-af38-9252af75fac5] PERFORMANCE: Book Creation Performance - Execution time: 2.50ms
2025-03-15 16:03:24,273 [INFO] library.performance [bb83dba0-489f-4df5-8e25-cd02cac88282] PERFORMANCE: Book Creation Performance - Execution time: 10.11ms
2025-03-15 16:03:29,030 [INFO] library.performance [95b197d7-80db-4ee2-a12b-0df25aa624dc] PERFORMANCE: Book List Performance - Execution time: 2.03ms
2025-03-15 16:04:05,527 [INFO] library.performance [36775225-3697-49af-a0fb-410abdc61ebb] PERFORMANCE: Book Creation Performance - Execution time: 2.10ms
2025-03-15 16:04:12,682 [INFO] library.performance [d25c7ce2-65fa-4f3d-b557-4f51f19c9725] PERFORMANCE: Book Creation Performance - Execution time: 2.24ms
2025-03-15 16:04:28,370 [INFO] library.performance [8c78fe2a-c0dc-4268-bdca-be53b5bf868c] PERFORMANCE: Book Creation Performance - Execution time: 3.33ms
2025-03-15 16:06:38,099 [INFO] library.performance [6cd0bfb1-6c9e-4054-8f13-ec35e377baa3] PERFORMANCE: Book List Performance - Execution time: 2.57ms
2025-03-15 16:06:44,346 [INFO] library.performance [a732e306-0c86-4d20-9f2d-dd16669f2b4d] PERFORMANCE: Book Retrieval Performance - Execution time: 2.39ms
2025-03-15 16:08:00,725 [INFO] library.performance [7319060f-fb10-4aeb-bba0-4b01057d3b8b] PERFORMANCE: Book Retrieval Performance - Execution time: 1.24ms
2025-03-15 16:08:38,616 [INFO] library.performance [03e969dc-5df7-4bfb-9085-934f6f49c797] PERFORMANCE: Book Update Performance - Execution time: 3.02ms
2025-03-15 16:08:44,198 [INFO] library.performance [0c0e85e1-92a2-4a24-b83c-d2147a7779cd] PERFORMANCE: Book Update Performance - Execution time: 11.82ms
2025-03-15 16:09:34,857 [INFO] library.performance [28a74c3e-c475-447d-8fe3-563da23f0bb6] PERFORMANCE: Book Update Performance - Execution time: 2.95ms
2025-03-15 16:09:41,214 [INFO] library.performance [6c90b05f-8a8e-4645-ae7b-616dd6b9e265] PERFORMANCE: Book Update Performance - Execution time: 8.99ms
2025-03-15 16:31:44,922 [INFO] library.performance [16b61e5c-3bcf-4c8d-9f1b-605fa35e532d] PERFORMANCE: Create Patron Performance - Execution time: 7.78ms
2025-03-15 16:31:52,211 [INFO] library.performance [78abd9c2-849d-4f5c-914e-2ee83550e1d6] PERFORMANCE: Create Patron Performance - Execution time: 10.43ms
2025-03-15 16:32:57,903 [INFO] library.performance [bbc35d8f-0d41-4665-9421-bc9d4c0121f0] PERFORMANCE: Create Patron Performance - Execution time: 3.74ms
2025-03-15 16:33:21,012 [INFO] library.performance [23f46941-e901-4f30-97f2-8337f1695ddf] PERFORMANCE: Create Patron Performance - Execution time: 7.03ms
2025-03-15 16:34:17,815 [INFO] library.performance [63b665ed-0728-4a25-a86e-19f64d220b4a] PERFORMANCE: Retrieve Patron Performance - Execution time: 2.15ms
2025-03-15 16:34:54,396 [INFO] library.performance [03c6edcf-5cd8-48cf-9aea-e6c4821bf5b3] PERFORMANCE: Retrieve Patron Performance - Execution time: 3.41ms
2025-03-15 16:35:16,742 [INFO] library.performance [2e6eb585-3f1b-408b-8fe3-52c972c90807] PERFORMANCE: Retrieve Patron Performance - Execution time: 1.30ms
2025-03-15 16:36:06,047 [INFO] library.performance [eed27a9c-0fdc-4a0c-b291-a255be7c501d] PERFORMANCE: Update Patron Performance - Execution time: 9.71ms
2025-03-15 16:52:15,119 [INFO] library.performance [0a8fb243-b908-4d88-9970-59798bfe61db] PERFORMANCE: Borrow Book Performance - Execution time: 4.80ms
2025-03-15 16:52:24,991 [INFO] library.performance [aeb5c1bb-f8f4-4b2f-a496-11d62015f15c] PERFORMANCE: Borrow Book Performance - Execution time: 11.34ms
2025-03-15 16:53:31,389 [INFO] library.performance [0ac64d8a-0758-4564-bd08-306d7ca524ce] PERFORMANCE: Borrow Book Performance - Execution time: 2.97ms
2025-03-15 16:53:37,848 [INFO] library.performance [ce9df968-e30a-4c23-ad06-180079e2bae2] PERFORMANCE: Borrow Book Performance - Execution time: 6.99ms
2025-03-15 16:53:38,552 [INFO] library.performance [11b93305-b411-4055-b62a-229958d9ad6f] PERFORMANCE: Borrow Book Performance - Execution time: 2.96ms
2025-03-15 16:55:42,974 [INFO] library.performance [1c090ade-9fa7-427f-95d9-3cc5f908a204] PERFORMANCE: Return Book Performance - Execution time: 6.99ms
2025-03-15 16:56:12,971 [INFO] library.performance [3d16dc73-1ab5-4278-94c2-c3f544e4f6e7] PERFORMANCE: Return Book Performance - Execution time: 4.07ms
